<?xml version="1.0" encoding="UTF-8"?>
<!-- Generated by org.testng.reporters.JUnitReportReporter -->
<testsuite hostname="DESKTOP-0TDTAS0" failures="0" tests="3" name="testCases.SubmitOrderTest" time="89.669" errors="0" timestamp="2025-05-21T08:43:11 IST" skipped="0">
  <testcase classname="testCases.SubmitOrderTest" name="SubmitOrder" time="26.946"/>
  <testcase classname="testCases.SubmitOrderTest" name="OrderHistoryTest" time="14.520"/>
  <testcase classname="testCases.SubmitOrderTest" name="SubmitOrder" time="48.203"/>
</testsuite> <!-- testCases.SubmitOrderTest -->
